2025-11-18 11:30:37 [INFO]: Redis connected at 
2025-11-18 11:31:00 [ERROR]: [object Object]
2025-11-18 11:31:26 [INFO]: Socket connected: 7b_hCK6K4UWcodPGAAAF, User: 01KA9ESK1QZYGD0ECHHNVQTNVP
2025-11-18 11:31:37 [INFO]: Socket Metrics
2025-11-18 11:32:37 [INFO]: Socket Metrics
2025-11-18 11:33:37 [INFO]: Socket Metrics
2025-11-18 11:34:37 [INFO]: Socket Metrics
2025-11-18 11:35:37 [INFO]: Socket Metrics
2025-11-18 11:36:37 [INFO]: Socket Metrics
2025-11-18 11:37:37 [INFO]: Socket Metrics
2025-11-18 11:38:37 [INFO]: Socket Metrics
2025-11-18 11:39:37 [INFO]: Socket Metrics
2025-11-18 11:40:37 [INFO]: Socket Metrics
2025-11-18 11:41:37 [INFO]: Socket Metrics
2025-11-18 11:42:37 [INFO]: Socket Metrics
2025-11-18 11:42:39 [INFO]: Socket disconnected: 7b_hCK6K4UWcodPGAAAF, Reason: transport close
2025-11-18 11:42:41 [INFO]: Socket connected: litN1PXi9-kyVqGLAAAH, User: 01KA9ESK1QZYGD0ECHHNVQTNVP
2025-11-18 11:43:38 [INFO]: Socket Metrics
2025-11-18 11:44:38 [INFO]: Socket Metrics
2025-11-18 11:45:38 [INFO]: Socket Metrics
2025-11-18 11:46:38 [INFO]: Socket Metrics
2025-11-18 11:47:38 [INFO]: Socket Metrics
2025-11-18 11:48:38 [INFO]: Socket Metrics
2025-11-18 11:49:38 [INFO]: Socket Metrics
2025-11-18 11:50:38 [INFO]: Socket Metrics
2025-11-18 11:51:38 [INFO]: Socket Metrics
2025-11-18 11:52:38 [INFO]: Socket Metrics
2025-11-18 11:53:38 [INFO]: Socket Metrics
2025-11-18 11:53:48 [WARN]: Closing Socket connection: 2025-11-18T11:53:48Z
2025-11-18 11:53:48 [INFO]: Socket disconnected: litN1PXi9-kyVqGLAAAH, Reason: forced close
2025-11-18 11:55:15 [INFO]: Redis connected at 
2025-11-18 11:55:29 [INFO]: Socket connected: oAHVOr-FZXVu43uKAAAC, User: 01KABD3R0RMRWRATTPSEARMRT5
2025-11-18 11:56:15 [INFO]: Socket Metrics
2025-11-18 11:57:15 [INFO]: Socket Metrics
2025-11-18 11:58:15 [INFO]: Socket Metrics
2025-11-18 11:59:15 [INFO]: Socket Metrics
2025-11-18 12:00:15 [INFO]: Socket Metrics
2025-11-18 12:01:15 [INFO]: Socket Metrics
2025-11-18 12:02:15 [INFO]: Socket Metrics
2025-11-18 12:03:15 [INFO]: Socket Metrics
2025-11-18 12:04:15 [INFO]: Socket Metrics
2025-11-18 12:05:15 [INFO]: Socket Metrics
2025-11-18 12:06:15 [INFO]: Socket Metrics
2025-11-18 12:07:15 [INFO]: Socket Metrics
2025-11-18 12:08:15 [INFO]: Socket Metrics
2025-11-18 12:09:15 [INFO]: Socket Metrics
2025-11-18 12:09:41 [INFO]: Socket disconnected: oAHVOr-FZXVu43uKAAAC, Reason: transport close
2025-11-18 12:09:43 [INFO]: Socket connected: DcPxELnk8wNBhG38AAAE, User: 01KABD3R0RMRWRATTPSEARMRT5
2025-11-18 12:10:15 [INFO]: Socket Metrics
2025-11-18 12:10:27 [INFO]: [object Object]
2025-11-18 12:11:16 [INFO]: Socket Metrics
2025-11-18 12:12:17 [INFO]: Socket Metrics
2025-11-18 12:13:19 [INFO]: Socket Metrics
2025-11-18 12:14:20 [INFO]: Socket Metrics
2025-11-18 12:15:23 [INFO]: Socket Metrics
2025-11-18 12:16:24 [INFO]: Socket Metrics
2025-11-18 12:17:25 [INFO]: Socket Metrics
2025-11-18 12:18:27 [INFO]: Socket Metrics
2025-11-18 12:19:28 [INFO]: Socket Metrics
2025-11-18 12:20:31 [INFO]: Socket Metrics
2025-11-18 12:21:32 [INFO]: Socket Metrics
2025-11-18 12:22:33 [INFO]: Socket Metrics
2025-11-18 12:23:35 [INFO]: Socket Metrics
2025-11-18 12:24:36 [INFO]: Socket Metrics
2025-11-18 12:25:37 [INFO]: Socket Metrics
2025-11-18 12:25:51 [INFO]: [object Object]
2025-11-18 12:26:40 [INFO]: Socket Metrics
2025-11-18 12:27:41 [INFO]: Socket Metrics
2025-11-18 12:28:43 [INFO]: Socket Metrics
2025-11-18 12:29:44 [INFO]: Socket Metrics
2025-11-18 12:30:44 [INFO]: Socket Metrics
2025-11-18 12:31:44 [INFO]: Socket Metrics
2025-11-18 12:32:44 [INFO]: Socket Metrics
2025-11-18 12:33:44 [INFO]: Socket Metrics
2025-11-18 12:34:44 [INFO]: Socket Metrics
2025-11-18 12:35:44 [INFO]: Socket Metrics
2025-11-18 12:36:44 [INFO]: Socket Metrics
2025-11-18 12:37:44 [INFO]: Socket Metrics
2025-11-18 12:38:44 [INFO]: Socket Metrics
2025-11-18 12:39:44 [INFO]: Socket Metrics
2025-11-18 12:40:43 [INFO]: Socket disconnected: DcPxELnk8wNBhG38AAAE, Reason: transport close
2025-11-18 12:40:44 [INFO]: Socket Metrics
2025-11-18 13:10:52 [INFO]: Redis connected at 
2025-11-18 13:10:57 [INFO]: Socket connected: 7jR5CBMjWSM6vOeLAAAF, User: 01KABD3R0RMRWRATTPSEARMRT5
2025-11-18 13:11:52 [INFO]: Socket Metrics
2025-11-18 13:12:52 [INFO]: Socket Metrics
2025-11-18 13:13:52 [INFO]: Socket Metrics
2025-11-18 13:14:01 [INFO]: Socket disconnected: 7jR5CBMjWSM6vOeLAAAF, Reason: transport close
2025-11-18 13:14:02 [INFO]: Socket connected: Rbhc9vbLyGCB_au9AAAI, User: 01KABD3R0RMRWRATTPSEARMRT5
2025-11-18 13:14:04 [INFO]: Socket disconnected: Rbhc9vbLyGCB_au9AAAI, Reason: transport close
2025-11-18 13:14:04 [INFO]: Socket connected: Ykue09whOs1L8VgLAAAL, User: 01KABD3R0RMRWRATTPSEARMRT5
2025-11-18 13:14:05 [INFO]: Socket disconnected: Ykue09whOs1L8VgLAAAL, Reason: client namespace disconnect
2025-11-18 13:14:27 [INFO]: Socket connected: -FGC7xj0oJ8tA4K8AAAO, User: 01KABD3R0RMRWRATTPSEARMRT5
2025-11-18 13:14:52 [INFO]: Socket Metrics
2025-11-18 13:15:52 [INFO]: Socket Metrics
2025-11-18 13:16:52 [INFO]: Socket Metrics
2025-11-18 13:17:52 [INFO]: Socket Metrics
2025-11-18 13:18:52 [INFO]: Socket Metrics
2025-11-18 13:19:52 [INFO]: Socket Metrics
2025-11-18 13:20:14 [INFO]: Socket disconnected: -FGC7xj0oJ8tA4K8AAAO, Reason: transport close
2025-11-18 13:20:15 [INFO]: Socket connected: 2oXXhFHVb-d1lEcuAAAR, User: 01KABD3R0RMRWRATTPSEARMRT5
2025-11-18 13:20:52 [INFO]: Socket Metrics
2025-11-18 13:21:52 [INFO]: Socket Metrics
2025-11-18 13:22:52 [INFO]: Socket Metrics
2025-11-18 13:23:52 [INFO]: Socket Metrics
2025-11-18 13:24:52 [INFO]: Socket Metrics
2025-11-18 13:25:52 [INFO]: Socket Metrics
2025-11-18 13:26:52 [INFO]: Socket Metrics
2025-11-18 13:27:52 [INFO]: Socket Metrics
2025-11-18 13:28:52 [INFO]: Socket Metrics
2025-11-18 13:29:33 [INFO]: [object Object]
2025-11-18 13:29:52 [INFO]: Socket Metrics
2025-11-18 13:30:52 [INFO]: Socket Metrics
2025-11-18 13:31:52 [INFO]: Socket Metrics
2025-11-18 13:32:52 [INFO]: Socket Metrics
2025-11-18 13:33:52 [INFO]: Socket Metrics
2025-11-18 13:34:52 [INFO]: Socket Metrics
2025-11-18 13:35:52 [INFO]: Socket Metrics
2025-11-18 13:36:52 [INFO]: Socket Metrics
2025-11-18 13:37:52 [INFO]: Socket Metrics
2025-11-18 13:37:52 [INFO]: Socket disconnected: 2oXXhFHVb-d1lEcuAAAR, Reason: client namespace disconnect
2025-11-18 13:37:56 [INFO]: Socket connected: 752d7xnt0Dwt4P3dAAAU, User: 01KABD3R0RMRWRATTPSEARMRT5
2025-11-18 13:37:58 [INFO]: Socket disconnected: 752d7xnt0Dwt4P3dAAAU, Reason: transport close
2025-11-18 13:37:58 [INFO]: Socket connected: rvTl2PUhYLmCodIwAAAX, User: 01KABD3R0RMRWRATTPSEARMRT5
2025-11-18 13:37:59 [INFO]: Socket disconnected: rvTl2PUhYLmCodIwAAAX, Reason: client namespace disconnect
2025-11-18 13:38:52 [INFO]: Socket Metrics
2025-11-18 13:39:52 [INFO]: Socket Metrics
2025-11-18 13:40:52 [INFO]: Socket Metrics
2025-11-18 13:41:52 [INFO]: Socket Metrics
2025-11-18 13:42:52 [INFO]: Socket Metrics
2025-11-18 13:43:52 [INFO]: Socket Metrics
2025-11-18 13:44:52 [INFO]: Socket Metrics
2025-11-18 13:45:52 [INFO]: Socket Metrics
2025-11-18 13:46:52 [INFO]: Socket Metrics
2025-11-18 13:47:52 [INFO]: Socket Metrics
2025-11-18 13:48:52 [INFO]: Socket Metrics
2025-11-18 13:49:52 [INFO]: Socket Metrics
2025-11-18 13:50:52 [INFO]: Socket Metrics
2025-11-18 13:51:52 [INFO]: Socket Metrics
2025-11-18 13:52:52 [INFO]: Socket Metrics
2025-11-18 13:53:52 [INFO]: Socket Metrics
2025-11-18 13:54:52 [INFO]: Socket Metrics
2025-11-18 13:55:52 [INFO]: Socket Metrics
2025-11-18 13:56:52 [INFO]: Socket Metrics
2025-11-18 13:57:52 [INFO]: Socket Metrics
2025-11-18 13:57:54 [INFO]: Socket connected: nkiWuc0l1PclsIXZAAAa, User: 01KABD3R0RMRWRATTPSEARMRT5
2025-11-18 13:58:52 [INFO]: Socket Metrics
2025-11-18 13:59:52 [INFO]: Socket Metrics
2025-11-18 14:00:52 [INFO]: Socket Metrics
2025-11-18 14:01:52 [INFO]: Socket Metrics
2025-11-18 14:02:06 [INFO]: Socket disconnected: nkiWuc0l1PclsIXZAAAa, Reason: transport close
