2025-11-20 06:18:13 [INFO]: Redis connected at 
2025-11-20 06:19:13 [INFO]: Socket Metrics
2025-11-20 06:19:58 [WARN]: Closing Socket connection: 2025-11-20T06:19:58Z
2025-11-20 06:20:00 [INFO]: Redis connected at 
2025-11-20 06:20:59 [WARN]: Closing Socket connection: 2025-11-20T06:20:59Z
2025-11-20 06:21:01 [INFO]: Redis connected at 
2025-11-20 06:22:01 [INFO]: Socket Metrics
2025-11-20 06:23:01 [INFO]: Socket Metrics
2025-11-20 06:24:01 [INFO]: Socket Metrics
2025-11-20 06:25:01 [INFO]: Socket Metrics
2025-11-20 06:26:01 [INFO]: Socket Metrics
2025-11-20 06:26:25 [WARN]: Closing Socket connection: 2025-11-20T06:26:25Z
2025-11-20 06:26:27 [INFO]: Redis connected at 
2025-11-20 06:27:05 [WARN]: Closing Socket connection: 2025-11-20T06:27:05Z
2025-11-20 06:27:06 [INFO]: Redis connected at 
2025-11-20 06:27:18 [WARN]: Closing Socket connection: 2025-11-20T06:27:18Z
2025-11-20 06:27:20 [INFO]: Redis connected at 
2025-11-20 06:27:34 [WARN]: Closing Socket connection: 2025-11-20T06:27:34Z
2025-11-20 06:27:35 [INFO]: Redis connected at 
2025-11-20 06:28:06 [WARN]: Closing Socket connection: 2025-11-20T06:28:06Z
2025-11-20 06:28:07 [INFO]: Redis connected at 
2025-11-20 06:29:07 [INFO]: Socket Metrics
2025-11-20 06:30:07 [INFO]: Socket Metrics
2025-11-20 06:31:07 [INFO]: Socket Metrics
2025-11-20 06:32:07 [INFO]: Socket Metrics
2025-11-20 06:33:07 [INFO]: Socket Metrics
2025-11-20 06:34:07 [INFO]: Socket Metrics
2025-11-20 06:34:16 [WARN]: Closing Socket connection: 2025-11-20T06:34:16Z
2025-11-20 06:34:17 [INFO]: Redis connected at 
2025-11-20 06:35:17 [INFO]: Socket Metrics
2025-11-20 06:35:42 [WARN]: Closing Socket connection: 2025-11-20T06:35:42Z
2025-11-20 06:35:43 [INFO]: Redis connected at 
2025-11-20 06:36:43 [INFO]: Socket Metrics
2025-11-20 06:36:53 [WARN]: Closing Socket connection: 2025-11-20T06:36:53Z
2025-11-20 06:36:55 [INFO]: Redis connected at 
2025-11-20 06:36:58 [WARN]: Closing Socket connection: 2025-11-20T06:36:58Z
2025-11-20 06:37:00 [INFO]: Redis connected at 
2025-11-20 06:37:04 [WARN]: Closing Socket connection: 2025-11-20T06:37:04Z
2025-11-20 06:37:18 [INFO]: Redis connected at 
2025-11-20 06:37:59 [WARN]: Closing Socket connection: 2025-11-20T06:37:59Z
2025-11-20 06:38:00 [INFO]: Redis connected at 
2025-11-20 06:38:42 [WARN]: Closing Socket connection: 2025-11-20T06:38:42Z
2025-11-20 06:38:44 [INFO]: Redis connected at 
2025-11-20 06:39:44 [INFO]: Socket Metrics
2025-11-20 06:40:13 [WARN]: Closing Socket connection: 2025-11-20T06:40:13Z
2025-11-20 06:40:14 [INFO]: Redis connected at 
2025-11-20 06:41:14 [INFO]: Socket Metrics
2025-11-20 06:41:32 [WARN]: Closing Socket connection: 2025-11-20T06:41:32Z
2025-11-20 06:41:33 [INFO]: Redis connected at 
2025-11-20 06:42:33 [INFO]: Socket Metrics
2025-11-20 06:43:33 [WARN]: Retrying Redis in 100ms
2025-11-20 06:43:33 [WARN]: Redis reconnecting...
2025-11-20 06:43:33 [INFO]: Socket Metrics
2025-11-20 06:43:33 [WARN]: Closing Socket connection: 2025-11-20T06:43:33Z
2025-11-20 06:43:46 [INFO]: Redis connected at 
2025-11-20 06:44:46 [INFO]: Socket Metrics
2025-11-20 06:44:54 [WARN]: Closing Socket connection: 2025-11-20T06:44:54Z
2025-11-20 06:44:56 [INFO]: Redis connected at 
2025-11-20 06:45:56 [INFO]: Socket Metrics
2025-11-20 06:46:40 [WARN]: Retrying Redis in 100ms
2025-11-20 06:46:40 [WARN]: Redis reconnecting...
2025-11-20 06:46:40 [ERROR]: Redis error: connect ECONNREFUSED 172.18.0.3:6379
2025-11-20 06:46:40 [WARN]: Retrying Redis in 200ms
2025-11-20 06:46:40 [WARN]: Redis reconnecting...
2025-11-20 06:46:41 [ERROR]: Redis error: getaddrinfo ENOTFOUND dev_fastify_valkey
2025-11-20 06:46:41 [WARN]: Retrying Redis in 300ms
2025-11-20 06:46:41 [WARN]: Redis reconnecting...
2025-11-20 06:46:41 [ERROR]: Redis error: getaddrinfo ENOTFOUND dev_fastify_valkey
2025-11-20 06:46:54 [INFO]: Redis connected at 
2025-11-20 06:47:54 [INFO]: Socket Metrics
2025-11-20 06:48:00 [WARN]: Closing Socket connection: 2025-11-20T06:48:00Z
2025-11-20 06:48:02 [INFO]: Redis connected at 
2025-11-20 06:49:02 [INFO]: Socket Metrics
2025-11-20 06:50:02 [INFO]: Socket Metrics
2025-11-20 06:51:02 [INFO]: Socket Metrics
2025-11-20 06:52:02 [INFO]: Socket Metrics
2025-11-20 06:53:02 [INFO]: Socket Metrics
2025-11-20 06:53:41 [WARN]: Closing Socket connection: 2025-11-20T06:53:41Z
2025-11-20 06:53:42 [INFO]: Redis connected at 
2025-11-20 06:54:42 [INFO]: Socket Metrics
2025-11-20 06:55:42 [INFO]: Socket Metrics
2025-11-20 06:56:42 [INFO]: Socket Metrics
2025-11-20 06:56:52 [WARN]: Closing Socket connection: 2025-11-20T06:56:52Z
2025-11-20 06:56:53 [INFO]: Redis connected at 
2025-11-20 06:57:53 [INFO]: Socket Metrics
2025-11-20 06:58:32 [WARN]: Closing Socket connection: 2025-11-20T06:58:32Z
2025-11-20 06:58:44 [INFO]: Redis connected at 
2025-11-20 06:59:23 [WARN]: Closing Socket connection: 2025-11-20T06:59:23Z
2025-11-20 06:59:24 [INFO]: Redis connected at 
2025-11-20 07:00:24 [INFO]: Socket Metrics
2025-11-20 07:00:31 [WARN]: Closing Socket connection: 2025-11-20T07:00:31Z
2025-11-20 07:00:32 [INFO]: Redis connected at 
2025-11-20 07:01:10 [WARN]: Closing Socket connection: 2025-11-20T07:01:10Z
2025-11-20 07:01:11 [INFO]: Redis connected at 
2025-11-20 07:02:11 [INFO]: Socket Metrics
2025-11-20 07:03:11 [INFO]: Socket Metrics
2025-11-20 07:03:58 [WARN]: Closing Socket connection: 2025-11-20T07:03:58Z
2025-11-20 07:03:59 [INFO]: Redis connected at 
2025-11-20 07:04:59 [INFO]: Socket Metrics
2025-11-20 07:05:56 [WARN]: Closing Socket connection: 2025-11-20T07:05:56Z
2025-11-20 07:05:58 [INFO]: Redis connected at 
2025-11-20 07:06:21 [WARN]: Retrying Redis in 100ms
2025-11-20 07:06:21 [WARN]: Redis reconnecting...
2025-11-20 07:06:22 [WARN]: Closing Socket connection: 2025-11-20T07:06:22Z
2025-11-20 07:06:33 [INFO]: Redis connected at 
2025-11-20 07:07:33 [INFO]: Socket Metrics
2025-11-20 07:08:33 [INFO]: Socket Metrics
2025-11-20 07:09:02 [WARN]: Closing Socket connection: 2025-11-20T07:09:02Z
2025-11-20 07:09:13 [INFO]: Redis connected at 
2025-11-20 07:10:13 [INFO]: Socket Metrics
2025-11-20 07:11:13 [INFO]: Socket Metrics
2025-11-20 07:11:18 [WARN]: Closing Socket connection: 2025-11-20T07:11:18Z
2025-11-20 07:11:20 [INFO]: Redis connected at 
2025-11-20 07:12:20 [INFO]: Socket Metrics
2025-11-20 07:12:40 [WARN]: Retrying Redis in 100ms
2025-11-20 07:12:40 [WARN]: Redis reconnecting...
2025-11-20 07:12:40 [ERROR]: Redis error: connect ECONNREFUSED 172.18.0.3:6379
2025-11-20 07:12:40 [WARN]: Retrying Redis in 200ms
2025-11-20 07:12:40 [WARN]: Redis reconnecting...
2025-11-20 07:12:41 [ERROR]: Redis error: getaddrinfo ENOTFOUND dev_fastify_valkey
2025-11-20 07:12:41 [WARN]: Retrying Redis in 300ms
2025-11-20 07:12:41 [WARN]: Redis reconnecting...
2025-11-20 07:12:41 [WARN]: Closing Socket connection: 2025-11-20T07:12:41Z
2025-11-20 07:12:52 [INFO]: Redis connected at 
2025-11-20 07:13:47 [WARN]: Closing Socket connection: 2025-11-20T07:13:47Z
2025-11-20 07:13:49 [INFO]: Redis connected at 
2025-11-20 07:14:34 [WARN]: Closing Socket connection: 2025-11-20T07:14:34Z
2025-11-20 12:14:39 [ERROR]: Redis error: getaddrinfo ENOTFOUND dev_fastify_valkey
2025-11-20 12:14:39 [WARN]: Retrying Redis in 100ms
2025-11-20 12:14:39 [WARN]: Redis reconnecting...
2025-11-20 12:14:39 [ERROR]: Redis error: getaddrinfo ENOTFOUND dev_fastify_valkey
2025-11-20 12:14:39 [WARN]: Retrying Redis in 200ms
2025-11-20 12:14:39 [WARN]: Redis reconnecting...
2025-11-20 12:14:39 [ERROR]: Redis error: getaddrinfo ENOTFOUND dev_fastify_valkey
2025-11-20 12:14:39 [WARN]: Retrying Redis in 300ms
2025-11-20 12:14:39 [WARN]: Redis reconnecting...
2025-11-20 12:14:40 [ERROR]: Redis error: getaddrinfo ENOTFOUND dev_fastify_valkey
2025-11-20 12:18:49 [ERROR]: Redis error: getaddrinfo ENOTFOUND dev_fastify_valkey
2025-11-20 12:18:49 [WARN]: Retrying Redis in 100ms
2025-11-20 12:18:49 [WARN]: Redis reconnecting...
2025-11-20 12:18:49 [ERROR]: Redis error: getaddrinfo ENOTFOUND dev_fastify_valkey
2025-11-20 12:18:49 [WARN]: Retrying Redis in 200ms
2025-11-20 12:18:49 [WARN]: Redis reconnecting...
2025-11-20 12:18:49 [ERROR]: Redis error: getaddrinfo ENOTFOUND dev_fastify_valkey
2025-11-20 12:18:49 [WARN]: Retrying Redis in 300ms
2025-11-20 12:18:49 [WARN]: Redis reconnecting...
2025-11-20 12:18:50 [ERROR]: Redis error: getaddrinfo ENOTFOUND dev_fastify_valkey
2025-11-20 12:20:07 [ERROR]: Redis error:
2025-11-20 12:20:07 [WARN]: Retrying Redis in 100ms
2025-11-20 12:20:07 [WARN]: Redis reconnecting...
2025-11-20 12:20:07 [ERROR]: Redis error:
2025-11-20 12:20:07 [WARN]: Retrying Redis in 200ms
2025-11-20 12:20:07 [WARN]: Redis reconnecting...
2025-11-20 12:20:07 [ERROR]: Redis error:
2025-11-20 12:20:07 [WARN]: Retrying Redis in 300ms
2025-11-20 12:20:07 [WARN]: Redis reconnecting...
2025-11-20 12:20:07 [ERROR]: Redis error:
2025-11-20 12:24:18 [ERROR]: Redis error: getaddrinfo ENOTFOUND host.docker.internal
2025-11-20 12:24:18 [WARN]: Retrying Redis in 100ms
2025-11-20 12:24:18 [WARN]: Redis reconnecting...
2025-11-20 12:24:18 [ERROR]: Redis error: getaddrinfo ENOTFOUND host.docker.internal
2025-11-20 12:24:18 [WARN]: Retrying Redis in 200ms
2025-11-20 12:24:18 [WARN]: Redis reconnecting...
2025-11-20 12:24:18 [ERROR]: Redis error: getaddrinfo ENOTFOUND host.docker.internal
2025-11-20 12:24:18 [WARN]: Retrying Redis in 300ms
2025-11-20 12:24:18 [WARN]: Redis reconnecting...
2025-11-20 12:24:19 [ERROR]: Redis error: getaddrinfo ENOTFOUND host.docker.internal
2025-11-20 12:25:34 [ERROR]: Redis error: getaddrinfo ENOTFOUND dev_fastify_valkey
2025-11-20 12:25:34 [WARN]: Retrying Redis in 100ms
2025-11-20 12:25:34 [WARN]: Redis reconnecting...
2025-11-20 12:25:34 [ERROR]: Redis error: getaddrinfo ENOTFOUND dev_fastify_valkey
2025-11-20 12:25:34 [WARN]: Retrying Redis in 200ms
2025-11-20 12:25:34 [WARN]: Redis reconnecting...
2025-11-20 12:25:34 [ERROR]: Redis error: getaddrinfo ENOTFOUND dev_fastify_valkey
2025-11-20 12:25:34 [WARN]: Retrying Redis in 300ms
2025-11-20 12:25:34 [WARN]: Redis reconnecting...
2025-11-20 12:25:34 [ERROR]: Redis error: getaddrinfo ENOTFOUND dev_fastify_valkey
2025-11-20 07:31:42 [INFO]: Redis connected at 
2025-11-20 07:32:42 [INFO]: Socket Metrics
2025-11-20 07:33:42 [INFO]: Socket Metrics
2025-11-20 07:34:42 [INFO]: Socket Metrics
2025-11-20 07:35:42 [INFO]: Socket Metrics
2025-11-20 07:36:42 [INFO]: Socket Metrics
2025-11-20 07:37:42 [INFO]: Socket Metrics
2025-11-20 07:38:42 [INFO]: Socket Metrics
2025-11-20 07:39:42 [INFO]: Socket Metrics
2025-11-20 07:40:42 [INFO]: Socket Metrics
2025-11-20 07:41:42 [INFO]: Socket Metrics
2025-11-20 07:42:42 [INFO]: Socket Metrics
2025-11-20 07:43:44 [INFO]: Socket Metrics
2025-11-20 07:44:46 [INFO]: Socket Metrics
2025-11-20 07:45:48 [INFO]: Socket Metrics
2025-11-20 07:46:49 [INFO]: Socket Metrics
2025-11-20 07:47:50 [INFO]: Socket Metrics
2025-11-20 07:48:52 [INFO]: Socket Metrics
2025-11-20 07:49:54 [INFO]: Socket Metrics
2025-11-20 07:50:56 [INFO]: Socket Metrics
2025-11-20 07:51:57 [INFO]: Socket Metrics
2025-11-20 07:52:58 [INFO]: Socket Metrics
2025-11-20 07:54:00 [INFO]: Socket Metrics
2025-11-20 07:55:01 [INFO]: Socket Metrics
2025-11-20 07:56:04 [INFO]: Socket Metrics
2025-11-20 07:57:05 [INFO]: Socket Metrics
2025-11-20 07:58:06 [INFO]: Socket Metrics
2025-11-20 07:59:08 [INFO]: Socket Metrics
2025-11-20 08:00:09 [INFO]: Socket Metrics
2025-11-20 08:01:10 [INFO]: Socket Metrics
2025-11-20 08:02:12 [INFO]: Socket Metrics
2025-11-20 08:03:12 [INFO]: Socket Metrics
2025-11-20 08:04:12 [INFO]: Socket Metrics
2025-11-20 08:05:12 [INFO]: Socket Metrics
2025-11-20 08:06:12 [INFO]: Socket Metrics
2025-11-20 08:07:12 [INFO]: Socket Metrics
2025-11-20 08:08:12 [INFO]: Socket Metrics
2025-11-20 08:09:12 [INFO]: Socket Metrics
2025-11-20 08:10:12 [INFO]: Socket Metrics
2025-11-20 08:11:12 [INFO]: Socket Metrics
2025-11-20 08:12:12 [INFO]: Socket Metrics
2025-11-20 08:13:12 [INFO]: Socket Metrics
2025-11-20 08:14:12 [INFO]: Socket Metrics
2025-11-20 08:15:12 [INFO]: Socket Metrics
2025-11-20 08:16:12 [INFO]: Socket Metrics
2025-11-20 08:17:12 [INFO]: Socket Metrics
2025-11-20 08:18:12 [INFO]: Socket Metrics
2025-11-20 08:19:12 [INFO]: Socket Metrics
2025-11-20 08:20:12 [INFO]: Socket Metrics
2025-11-20 08:21:12 [INFO]: Socket Metrics
2025-11-20 08:22:12 [INFO]: Socket Metrics
2025-11-20 08:23:12 [INFO]: Socket Metrics
2025-11-20 08:24:12 [INFO]: Socket Metrics
2025-11-20 08:25:12 [INFO]: Socket Metrics
2025-11-20 08:26:12 [INFO]: Socket Metrics
2025-11-20 08:27:12 [INFO]: Socket Metrics
2025-11-20 08:28:12 [INFO]: Socket Metrics
2025-11-20 08:29:03 [WARN]: Closing Socket connection: 2025-11-20T08:29:03Z
2025-11-20 08:29:14 [INFO]: Redis connected at 
2025-11-20 08:30:14 [INFO]: Socket Metrics
2025-11-20 08:31:14 [INFO]: Socket Metrics
2025-11-20 08:32:14 [INFO]: Socket Metrics
2025-11-20 08:33:14 [INFO]: Socket Metrics
2025-11-20 08:34:14 [INFO]: Socket Metrics
2025-11-20 08:35:14 [INFO]: Socket Metrics
2025-11-20 08:36:14 [INFO]: Socket Metrics
2025-11-20 08:37:14 [INFO]: Socket Metrics
2025-11-20 08:38:14 [INFO]: Socket Metrics
2025-11-20 08:39:14 [INFO]: Socket Metrics
2025-11-20 08:40:15 [INFO]: Socket Metrics
2025-11-20 08:41:17 [INFO]: Socket Metrics
2025-11-20 08:42:19 [INFO]: Socket Metrics
2025-11-20 08:43:20 [INFO]: Socket Metrics
2025-11-20 08:44:21 [INFO]: Socket Metrics
2025-11-20 08:45:23 [INFO]: Socket Metrics
2025-11-20 08:46:24 [INFO]: Socket Metrics
2025-11-20 08:47:27 [INFO]: Socket Metrics
2025-11-20 08:48:27 [INFO]: Socket Metrics
2025-11-20 08:49:27 [INFO]: Socket Metrics
2025-11-20 08:50:27 [INFO]: Socket Metrics
2025-11-20 08:50:59 [WARN]: Closing Socket connection: 2025-11-20T08:50:59Z
2025-11-20 08:51:00 [INFO]: Redis connected at 
2025-11-20 08:51:10 [WARN]: Closing Socket connection: 2025-11-20T08:51:10Z
2025-11-20 08:51:12 [INFO]: Redis connected at 
2025-11-20 08:52:10 [WARN]: Closing Socket connection: 2025-11-20T08:52:10Z
2025-11-20 08:52:12 [INFO]: Redis connected at 
2025-11-20 08:53:12 [INFO]: Socket Metrics
2025-11-20 08:54:12 [INFO]: Socket Metrics
2025-11-20 08:55:06 [WARN]: Closing Socket connection: 2025-11-20T08:55:06Z
2025-11-20 09:01:16 [INFO]: Redis connected at 
2025-11-20 09:02:16 [INFO]: Socket Metrics
2025-11-20 09:03:16 [INFO]: Socket Metrics
2025-11-20 09:04:16 [INFO]: Socket Metrics
2025-11-20 09:04:48 [INFO]: Socket connected: UutUSYM58i_2utLYAAAC, User: 01KAG84N5GCENSY98YJDM8THK2
2025-11-20 09:05:16 [INFO]: Socket Metrics
2025-11-20 09:06:16 [INFO]: Socket Metrics
2025-11-20 09:07:16 [INFO]: Socket Metrics
2025-11-20 09:08:16 [INFO]: Socket Metrics
2025-11-20 09:09:16 [INFO]: Socket Metrics
2025-11-20 09:09:41 [WARN]: Closing Socket connection: 2025-11-20T09:09:41Z
2025-11-20 09:09:41 [INFO]: Socket disconnected: UutUSYM58i_2utLYAAAC, Reason: forced close
2025-11-20 09:09:43 [INFO]: Redis connected at 
2025-11-20 09:09:45 [INFO]: Socket connected: 1W1WzokKoAwR_NhUAAAC, User: 01KAG84N5GCENSY98YJDM8THK2
2025-11-20 09:10:43 [INFO]: Socket Metrics
2025-11-20 09:11:43 [INFO]: Socket Metrics
2025-11-20 09:12:43 [INFO]: Socket Metrics
2025-11-20 09:13:43 [INFO]: Socket Metrics
2025-11-20 09:14:43 [INFO]: Socket Metrics
2025-11-20 09:15:43 [INFO]: Socket Metrics
2025-11-20 09:16:43 [INFO]: Socket Metrics
2025-11-20 09:17:43 [INFO]: Socket Metrics
2025-11-20 09:18:43 [INFO]: Socket Metrics
2025-11-20 09:19:43 [INFO]: Socket Metrics
2025-11-20 09:20:43 [INFO]: Socket Metrics
2025-11-20 09:21:43 [INFO]: Socket Metrics
2025-11-20 09:22:43 [INFO]: Socket Metrics
2025-11-20 09:23:43 [INFO]: Socket Metrics
2025-11-20 09:24:43 [INFO]: Socket Metrics
2025-11-20 09:25:36 [WARN]: Closing Socket connection: 2025-11-20T09:25:36Z
2025-11-20 09:25:36 [INFO]: Socket disconnected: 1W1WzokKoAwR_NhUAAAC, Reason: forced close
2025-11-20 09:25:38 [INFO]: Redis connected at 
2025-11-20 09:26:11 [INFO]: [object Object]
2025-11-20 09:26:38 [INFO]: Socket Metrics
2025-11-20 09:27:38 [INFO]: Socket Metrics
2025-11-20 09:28:38 [INFO]: Socket Metrics
2025-11-20 09:29:38 [INFO]: Socket Metrics
2025-11-20 09:30:38 [INFO]: Socket Metrics
2025-11-20 09:31:38 [INFO]: Socket Metrics
2025-11-20 09:32:38 [INFO]: Socket Metrics
2025-11-20 09:33:38 [INFO]: Socket Metrics
2025-11-20 09:34:38 [INFO]: Socket Metrics
2025-11-20 09:35:38 [INFO]: Socket Metrics
2025-11-20 09:36:38 [INFO]: Socket Metrics
2025-11-20 09:37:38 [INFO]: Socket Metrics
2025-11-20 09:38:38 [INFO]: Socket Metrics
2025-11-20 09:39:38 [INFO]: Socket Metrics
2025-11-20 09:40:38 [INFO]: Socket Metrics
2025-11-20 09:41:31 [INFO]: [object Object]
2025-11-20 09:41:38 [INFO]: Socket Metrics
2025-11-20 09:42:38 [INFO]: Socket Metrics
2025-11-20 09:43:38 [INFO]: Socket Metrics
2025-11-20 09:44:38 [INFO]: Socket Metrics
2025-11-20 09:45:38 [INFO]: Socket Metrics
2025-11-20 09:46:38 [INFO]: Socket Metrics
2025-11-20 09:47:38 [INFO]: Socket Metrics
2025-11-20 09:48:38 [INFO]: Socket Metrics
2025-11-20 09:49:38 [INFO]: Socket Metrics
2025-11-20 09:50:38 [INFO]: Socket Metrics
2025-11-20 09:51:38 [INFO]: Socket Metrics
2025-11-20 09:52:38 [INFO]: Socket Metrics
2025-11-20 09:52:46 [WARN]: Closing Socket connection: 2025-11-20T09:52:46Z
2025-11-20 09:55:16 [INFO]: Redis connected at 
2025-11-20 09:55:27 [INFO]: Socket connected: wakNwJrAlzZEqkYFAAAB, User: 01KAG84N5GCENSY98YJDM8THK2
2025-11-20 09:56:16 [INFO]: Socket Metrics
2025-11-20 09:56:19 [INFO]: Socket disconnected: wakNwJrAlzZEqkYFAAAB, Reason: transport close
2025-11-20 09:56:20 [INFO]: Socket connected: C-4R00Q-GvCEJahgAAAE, User: 01KAG84N5GCENSY98YJDM8THK2
2025-11-20 09:56:50 [INFO]: [object Object]
2025-11-20 09:57:16 [INFO]: Socket Metrics
2025-11-20 09:57:59 [INFO]: Redis connected at 
2025-11-20 09:58:59 [INFO]: Socket Metrics
2025-11-20 09:59:00 [WARN]: Closing Socket connection: 2025-11-20T09:59:00Z
2025-11-20 09:59:02 [INFO]: Redis connected at 
2025-11-20 09:59:06 [WARN]: Closing Socket connection: 2025-11-20T09:59:06Z
2025-11-20 09:59:08 [INFO]: Redis connected at 
2025-11-20 10:00:08 [INFO]: Socket Metrics
2025-11-20 10:01:03 [WARN]: Closing Socket connection: 2025-11-20T10:01:03Z
2025-11-20 10:01:04 [INFO]: Redis connected at 
2025-11-20 10:02:04 [INFO]: Socket Metrics
2025-11-20 10:03:04 [INFO]: Socket Metrics
2025-11-20 10:04:04 [INFO]: Socket Metrics
2025-11-20 10:04:42 [WARN]: Closing Socket connection: 2025-11-20T10:04:42Z
2025-11-20 10:04:44 [INFO]: Redis connected at 
2025-11-20 10:05:44 [INFO]: Socket Metrics
2025-11-20 10:06:44 [INFO]: Socket Metrics
2025-11-20 10:07:44 [INFO]: Socket Metrics
2025-11-20 10:08:07 [WARN]: Closing Socket connection: 2025-11-20T10:08:07Z
2025-11-20 10:08:09 [INFO]: Redis connected at 
2025-11-20 10:09:09 [INFO]: Socket Metrics
2025-11-20 10:10:09 [INFO]: Socket Metrics
2025-11-20 10:10:25 [WARN]: Closing Socket connection: 2025-11-20T10:10:25Z
2025-11-20 10:10:27 [INFO]: Redis connected at 
2025-11-20 10:11:27 [INFO]: Socket Metrics
2025-11-20 10:11:38 [WARN]: Closing Socket connection: 2025-11-20T10:11:38Z
2025-11-20 10:11:40 [INFO]: Redis connected at 
2025-11-20 10:12:31 [INFO]: [object Object]
2025-11-20 10:12:40 [INFO]: Socket Metrics
2025-11-20 10:12:49 [WARN]: Closing Socket connection: 2025-11-20T10:12:49Z
2025-11-20 10:12:51 [INFO]: Redis connected at 
2025-11-20 10:13:51 [INFO]: Socket Metrics
2025-11-20 10:14:06 [INFO]: Socket connected: ZsA-s_gXK0tYWOvKAAAC, User: 01KAG84N5GCENSY98YJDM8THK2
2025-11-20 10:14:51 [INFO]: Socket Metrics
2025-11-20 10:15:37 [INFO]: Redis connected at 
2025-11-20 10:15:43 [INFO]: Socket connected: U3QGE1Kzc1ey3aqFAAAB, User: 01KAG84N5GCENSY98YJDM8THK2
2025-11-20 10:16:37 [INFO]: Socket Metrics
2025-11-20 10:16:53 [INFO]: Socket disconnected: U3QGE1Kzc1ey3aqFAAAB, Reason: transport close
2025-11-20 10:16:53 [WARN]: Closing Socket connection: 2025-11-20T10:16:53Z
2025-11-20 10:16:55 [INFO]: Redis connected at 
2025-11-20 10:16:56 [INFO]: Socket connected: b5i7cm2LujkdMfM3AAAC, User: 01KAG84N5GCENSY98YJDM8THK2
2025-11-20 10:17:08 [WARN]: Closing Socket connection: 2025-11-20T10:17:08Z
2025-11-20 10:17:08 [INFO]: Socket disconnected: b5i7cm2LujkdMfM3AAAC, Reason: forced close
2025-11-20 10:17:10 [INFO]: Redis connected at 
2025-11-20 10:17:12 [INFO]: Socket connected: 3gcXh6jaD6LdsImqAAAC, User: 01KAG84N5GCENSY98YJDM8THK2
2025-11-20 10:18:10 [INFO]: Socket Metrics
2025-11-20 10:19:10 [INFO]: Socket Metrics
2025-11-20 10:20:10 [INFO]: Socket Metrics
2025-11-20 10:20:21 [WARN]: Closing Socket connection: 2025-11-20T10:20:21Z
2025-11-20 10:20:21 [INFO]: Socket disconnected: 3gcXh6jaD6LdsImqAAAC, Reason: forced close
2025-11-20 10:20:23 [INFO]: Redis connected at 
2025-11-20 10:20:24 [INFO]: Socket connected: 94gk5MM0rVLH5sldAAAC, User: 01KAG84N5GCENSY98YJDM8THK2
2025-11-20 10:21:23 [INFO]: Socket Metrics
2025-11-20 10:22:23 [INFO]: Socket Metrics
2025-11-20 10:23:23 [INFO]: Socket Metrics
2025-11-20 10:24:23 [INFO]: Socket Metrics
2025-11-20 10:25:23 [INFO]: Socket Metrics
2025-11-20 10:26:23 [INFO]: Socket Metrics
2025-11-20 10:27:23 [INFO]: Socket Metrics
2025-11-20 10:28:23 [INFO]: Socket Metrics
2025-11-20 10:29:23 [INFO]: Socket Metrics
2025-11-20 10:30:16 [INFO]: Redis connected at 
2025-11-20 10:30:31 [INFO]: [object Object]
2025-11-20 10:30:52 [WARN]: Closing Socket connection: 2025-11-20T10:30:52Z
2025-11-20 10:30:54 [INFO]: Redis connected at 
2025-11-20 10:31:01 [WARN]: Closing Socket connection: 2025-11-20T10:31:01Z
2025-11-20 10:31:02 [INFO]: Redis connected at 
2025-11-20 10:31:21 [WARN]: Closing Socket connection: 2025-11-20T10:31:21Z
2025-11-20 10:31:22 [INFO]: Redis connected at 
2025-11-20 10:31:32 [INFO]: [object Object]
2025-11-20 10:31:58 [WARN]: Closing Socket connection: 2025-11-20T10:31:58Z
2025-11-20 10:32:00 [INFO]: Redis connected at 
2025-11-20 10:33:00 [INFO]: Socket Metrics
2025-11-20 10:33:38 [WARN]: Closing Socket connection: 2025-11-20T10:33:38Z
2025-11-20 10:33:41 [INFO]: Redis connected at 
2025-11-20 10:33:45 [WARN]: Closing Socket connection: 2025-11-20T10:33:45Z
2025-11-20 10:33:47 [INFO]: Redis connected at 
2025-11-20 10:33:57 [WARN]: Closing Socket connection: 2025-11-20T10:33:57Z
2025-11-20 10:33:59 [INFO]: Redis connected at 
2025-11-20 10:34:30 [WARN]: Closing Socket connection: 2025-11-20T10:34:30Z
2025-11-20 10:34:32 [INFO]: Redis connected at 
2025-11-20 10:35:32 [INFO]: Socket Metrics
