2025-11-16 06:44:32 [INFO]: Redis connected at 
2025-11-16 06:45:10 [INFO]: Redis connected at 
2025-11-16 14:27:01 [INFO]: Redis connected at 
2025-11-16 14:33:01 [INFO]: Redis connected at 
2025-11-16 14:35:00 [INFO]: Redis connected at 
2025-11-16 14:35:02 [INFO]: Redis connected at 
2025-11-16 14:37:53 [INFO]: Redis connected at 
2025-11-16 14:37:56 [INFO]: Redis connected at 
2025-11-16 14:38:56 [INFO]: Socket Metrics
2025-11-16 14:39:56 [INFO]: Socket Metrics
2025-11-16 14:40:19 [INFO]: Redis connected at 
2025-11-16 14:40:47 [WARN]: Closing Socket connection: 2025-11-16T14:40:47Z
2025-11-16 14:40:48 [INFO]: Redis connected at 
2025-11-16 14:40:54 [WARN]: Closing Socket connection: 2025-11-16T14:40:54Z
2025-11-16 14:40:55 [INFO]: Redis connected at 
2025-11-16 14:41:11 [WARN]: Closing Socket connection: 2025-11-16T14:41:11Z
2025-11-16 14:41:12 [INFO]: Redis connected at 
2025-11-16 14:41:26 [WARN]: Closing Socket connection: 2025-11-16T14:41:26Z
2025-11-16 14:41:27 [INFO]: Redis connected at 
2025-11-16 14:41:36 [WARN]: Closing Socket connection: 2025-11-16T14:41:36Z
2025-11-16 14:41:37 [INFO]: Redis connected at 
2025-11-16 14:42:37 [INFO]: Socket Metrics
2025-11-16 14:43:37 [INFO]: Socket Metrics
2025-11-16 14:44:37 [INFO]: Socket Metrics
2025-11-16 14:44:56 [WARN]: Closing Socket connection: 2025-11-16T14:44:56Z
2025-11-16 14:44:57 [INFO]: Redis connected at 
2025-11-16 14:45:57 [INFO]: Socket Metrics
2025-11-16 14:46:57 [INFO]: Socket Metrics
2025-11-16 14:47:57 [INFO]: Socket Metrics
2025-11-16 14:48:03 [WARN]: Closing Socket connection: 2025-11-16T14:48:03Z
2025-11-16 14:48:04 [INFO]: Redis connected at 
2025-11-16 14:48:54 [WARN]: Closing Socket connection: 2025-11-16T14:48:54Z
2025-11-16 14:48:55 [INFO]: Redis connected at 
2025-11-16 14:49:55 [INFO]: Socket Metrics
2025-11-16 14:50:55 [INFO]: Socket Metrics
2025-11-16 14:51:55 [INFO]: Socket Metrics
2025-11-16 14:52:55 [INFO]: Socket Metrics
2025-11-16 14:53:55 [INFO]: Socket Metrics
2025-11-16 14:54:55 [INFO]: Socket Metrics
2025-11-16 14:55:55 [INFO]: Socket Metrics
2025-11-16 14:56:55 [INFO]: Socket Metrics
2025-11-16 14:57:55 [INFO]: Socket Metrics
2025-11-16 14:58:55 [INFO]: Socket Metrics
2025-11-16 14:59:55 [INFO]: Socket Metrics
2025-11-16 15:00:55 [INFO]: Socket Metrics
2025-11-16 15:01:55 [INFO]: Socket Metrics
2025-11-16 15:02:12 [WARN]: Closing Socket connection: 2025-11-16T15:02:12Z
2025-11-16 16:25:03 [INFO]: Redis connected at 
2025-11-16 16:26:02 [INFO]: Socket Metrics
2025-11-16 16:26:49 [WARN]: Closing Socket connection: 2025-11-16T16:26:49Z
2025-11-16 16:26:51 [INFO]: Redis connected at 
2025-11-16 16:27:51 [INFO]: Socket Metrics
2025-11-16 16:28:51 [INFO]: Socket Metrics
2025-11-16 16:29:20 [WARN]: Closing Socket connection: 2025-11-16T16:29:20Z
2025-11-16 16:32:28 [INFO]: Redis connected at 
2025-11-16 16:32:32 [WARN]: Closing Socket connection: 2025-11-16T16:32:32Z
2025-11-16 16:32:34 [INFO]: Redis connected at 
2025-11-16 16:32:50 [WARN]: Closing Socket connection: 2025-11-16T16:32:50Z
2025-11-16 16:32:51 [INFO]: Redis connected at 
2025-11-16 16:33:13 [WARN]: Closing Socket connection: 2025-11-16T16:33:13Z
2025-11-16 16:33:14 [INFO]: Redis connected at 
2025-11-16 16:33:47 [WARN]: Closing Socket connection: 2025-11-16T16:33:47Z
2025-11-16 16:33:48 [INFO]: Redis connected at 
2025-11-16 16:34:48 [INFO]: Socket Metrics
2025-11-16 16:35:10 [WARN]: Closing Socket connection: 2025-11-16T16:35:10Z
2025-11-16 16:35:12 [INFO]: Redis connected at 
2025-11-16 16:35:32 [WARN]: Closing Socket connection: 2025-11-16T16:35:32Z
2025-11-16 16:35:33 [INFO]: Redis connected at 
2025-11-16 16:36:33 [INFO]: Socket Metrics
2025-11-16 16:37:07 [WARN]: Closing Socket connection: 2025-11-16T16:37:07Z
2025-11-16 16:37:09 [INFO]: Redis connected at 
2025-11-16 16:38:09 [INFO]: Socket Metrics
2025-11-16 16:39:09 [INFO]: Socket Metrics
2025-11-16 16:40:09 [INFO]: Socket Metrics
2025-11-16 16:41:09 [INFO]: Socket Metrics
2025-11-16 16:42:09 [INFO]: Socket Metrics
2025-11-16 16:42:27 [WARN]: Closing Socket connection: 2025-11-16T16:42:27Z
2025-11-16 16:42:29 [INFO]: Redis connected at 
2025-11-16 16:42:37 [WARN]: Closing Socket connection: 2025-11-16T16:42:37Z
2025-11-16 16:42:39 [INFO]: Redis connected at 
2025-11-16 16:43:39 [INFO]: Socket Metrics
2025-11-16 16:44:27 [WARN]: Closing Socket connection: 2025-11-16T16:44:27Z
2025-11-16 16:44:28 [INFO]: Redis connected at 
2025-11-16 16:45:28 [INFO]: Socket Metrics
2025-11-16 16:46:28 [INFO]: Socket Metrics
2025-11-16 16:47:28 [INFO]: Socket Metrics
2025-11-16 16:48:28 [INFO]: Socket Metrics
2025-11-16 16:49:28 [INFO]: Socket Metrics
2025-11-16 16:50:28 [INFO]: Socket Metrics
2025-11-16 16:51:28 [INFO]: Socket Metrics
2025-11-16 16:52:28 [INFO]: Socket Metrics
2025-11-16 16:53:28 [INFO]: Socket Metrics
2025-11-16 16:54:06 [WARN]: Closing Socket connection: 2025-11-16T16:54:06Z
2025-11-16 16:54:08 [INFO]: Redis connected at 
2025-11-16 16:55:08 [INFO]: Socket Metrics
2025-11-16 16:55:17 [WARN]: Closing Socket connection: 2025-11-16T16:55:17Z
2025-11-16 16:55:18 [INFO]: Redis connected at 
2025-11-16 16:55:29 [INFO]: Socket connected: w2wUuSl47jaof9GzAAAC, User: 01KA6SFMMKEFMWYQXBD4VGTKXZ
2025-11-16 16:55:57 [INFO]: Socket disconnected: w2wUuSl47jaof9GzAAAC, Reason: transport close
2025-11-16 16:55:59 [INFO]: Socket connected: e97YTUvyzNfXwOPaAAAF, User: 01KA6SFMMKEFMWYQXBD4VGTKXZ
2025-11-16 16:56:18 [INFO]: Socket Metrics
2025-11-16 16:57:00 [INFO]: Socket disconnected: e97YTUvyzNfXwOPaAAAF, Reason: transport close
2025-11-16 16:57:01 [INFO]: Socket connected: PLwY5ExzOVLBMQCfAAAI, User: 01KA6SFMMKEFMWYQXBD4VGTKXZ
2025-11-16 16:57:07 [INFO]: Socket disconnected: PLwY5ExzOVLBMQCfAAAI, Reason: client namespace disconnect
2025-11-16 16:57:12 [INFO]: Socket connected: AwULryhjgcdlF5EqAAAL, User: 01KA6SFMMKEFMWYQXBD4VGTKXZ
2025-11-16 16:57:18 [INFO]: Socket Metrics
2025-11-16 16:58:18 [INFO]: Socket Metrics
2025-11-16 16:59:03 [INFO]: Socket disconnected: AwULryhjgcdlF5EqAAAL, Reason: transport close
